{"contracts/Trade.sol":{"l":{"22":3,"23":3,"27":7,"28":5,"32":3,"34":3,"35":3,"36":3,"37":3,"41":2,"42":1,"43":1,"46":1,"51":6,"55":4},"path":"/Users/kobechao/projects/Trading/contracts/Trade.sol","s":{"1":3,"2":3,"3":7,"4":3,"5":3,"6":3,"7":3,"8":3,"9":2,"10":1,"11":1,"12":1,"13":6,"14":4},"b":{"1":[5,2],"2":[1,1]},"f":{"1":3,"2":7,"3":3,"4":2,"5":6,"6":4},"fnMap":{"1":{"name":"constructor","line":21,"loc":{"start":{"line":21,"column":4},"end":{"line":24,"column":4}}},"2":{"name":"InState","line":26,"loc":{"start":{"line":26,"column":4},"end":{"line":29,"column":4}}},"3":{"name":"init","line":30,"loc":{"start":{"line":30,"column":4},"end":{"line":38,"column":4}}},"4":{"name":"castVote","line":40,"loc":{"start":{"line":40,"column":4},"end":{"line":48,"column":4}}},"5":{"name":"checkState","line":50,"loc":{"start":{"line":50,"column":4},"end":{"line":52,"column":4}}},"6":{"name":"getVoteContract","line":54,"loc":{"start":{"line":54,"column":4},"end":{"line":56,"column":4}}}},"statementMap":{"1":{"start":{"line":22,"column":8},"end":{"line":22,"column":27}},"2":{"start":{"line":23,"column":8},"end":{"line":23,"column":43}},"3":{"start":{"line":27,"column":8},"end":{"line":27,"column":55}},"4":{"start":{"line":32,"column":8},"end":{"line":32,"column":52}},"5":{"start":{"line":34,"column":8},"end":{"line":34,"column":54}},"6":{"start":{"line":35,"column":8},"end":{"line":35,"column":28}},"7":{"start":{"line":36,"column":8},"end":{"line":36,"column":35}},"8":{"start":{"line":37,"column":8},"end":{"line":37,"column":19}},"9":{"start":{"line":41,"column":8},"end":{"line":41,"column":952}},"10":{"start":{"line":42,"column":12},"end":{"line":42,"column":31}},"11":{"start":{"line":43,"column":12},"end":{"line":43,"column":44}},"12":{"start":{"line":46,"column":12},"end":{"line":46,"column":18}},"13":{"start":{"line":51,"column":8},"end":{"line":51,"column":20}},"14":{"start":{"line":55,"column":8},"end":{"line":55,"column":28}}},"branchMap":{"1":{"line":27,"type":"if","locations":[{"start":{"line":27,"column":8},"end":{"line":27,"column":8}},{"start":{"line":27,"column":8},"end":{"line":27,"column":8}}]},"2":{"line":41,"type":"if","locations":[{"start":{"line":41,"column":8},"end":{"line":41,"column":8}},{"start":{"line":41,"column":8},"end":{"line":41,"column":8}}]}}},"contracts/TradeFactory.sol":{"l":{"44":2,"45":2,"49":2,"55":2,"57":2,"62":2,"74":2,"75":2,"79":0,"83":3},"path":"/Users/kobechao/projects/Trading/contracts/TradeFactory.sol","s":{"1":2,"2":2,"3":2,"4":2,"5":2,"6":2,"7":2,"8":2,"9":0,"10":3},"b":{},"f":{"1":3,"2":2,"3":2,"4":2,"5":0,"6":3},"fnMap":{"1":{"name":"constructor","line":41,"loc":{"start":{"line":41,"column":4},"end":{"line":41,"column":26}}},"2":{"name":"createTrade","line":43,"loc":{"start":{"line":43,"column":4},"end":{"line":52,"column":4}}},"3":{"name":"registerTrade","line":54,"loc":{"start":{"line":54,"column":4},"end":{"line":63,"column":4}}},"4":{"name":"getTradeData","line":65,"loc":{"start":{"line":65,"column":4},"end":{"line":76,"column":4}}},"5":{"name":"getTradeByIndex","line":78,"loc":{"start":{"line":78,"column":4},"end":{"line":80,"column":4}}},"6":{"name":"getLastTrade","line":82,"loc":{"start":{"line":82,"column":4},"end":{"line":84,"column":4}}}},"statementMap":{"1":{"start":{"line":44,"column":8},"end":{"line":44,"column":46}},"2":{"start":{"line":45,"column":8},"end":{"line":45,"column":32}},"3":{"start":{"line":49,"column":8},"end":{"line":49,"column":36}},"4":{"start":{"line":55,"column":8},"end":{"line":55,"column":32}},"5":{"start":{"line":57,"column":8},"end":{"line":57,"column":1440}},"6":{"start":{"line":62,"column":8},"end":{"line":62,"column":19}},"7":{"start":{"line":74,"column":8},"end":{"line":74,"column":65}},"8":{"start":{"line":75,"column":8},"end":{"line":75,"column":78}},"9":{"start":{"line":79,"column":8},"end":{"line":79,"column":32}},"10":{"start":{"line":83,"column":8},"end":{"line":83,"column":49}}},"branchMap":{}},"contracts/Vote.sol":{"l":{"18":3,"19":3,"23":4,"24":2,"28":4,"32":2,"34":2,"35":2,"37":2},"path":"/Users/kobechao/projects/Trading/contracts/Vote.sol","s":{"1":3,"2":3,"3":4,"4":4,"5":2,"6":2,"7":2,"8":2},"b":{"1":[2,2],"2":[2,0]},"f":{"1":3,"2":4,"3":4,"4":2},"fnMap":{"1":{"name":"constructor","line":17,"loc":{"start":{"line":17,"column":4},"end":{"line":20,"column":4}}},"2":{"name":"onlyForTrade","line":22,"loc":{"start":{"line":22,"column":4},"end":{"line":25,"column":4}}},"3":{"name":"checkConfirmationStatus","line":27,"loc":{"start":{"line":27,"column":4},"end":{"line":29,"column":4}}},"4":{"name":"castVote","line":31,"loc":{"start":{"line":31,"column":4},"end":{"line":38,"column":4}}}},"statementMap":{"1":{"start":{"line":18,"column":8},"end":{"line":18,"column":36}},"2":{"start":{"line":19,"column":8},"end":{"line":19,"column":31}},"3":{"start":{"line":23,"column":8},"end":{"line":23,"column":70}},"4":{"start":{"line":28,"column":8},"end":{"line":28,"column":57}},"5":{"start":{"line":32,"column":8},"end":{"line":32,"column":83}},"6":{"start":{"line":34,"column":8},"end":{"line":34,"column":39}},"7":{"start":{"line":35,"column":8},"end":{"line":35,"column":55}},"8":{"start":{"line":37,"column":8},"end":{"line":37,"column":40}}},"branchMap":{"1":{"line":23,"type":"if","locations":[{"start":{"line":23,"column":8},"end":{"line":23,"column":8}},{"start":{"line":23,"column":8},"end":{"line":23,"column":8}}]},"2":{"line":32,"type":"if","locations":[{"start":{"line":32,"column":8},"end":{"line":32,"column":8}},{"start":{"line":32,"column":8},"end":{"line":32,"column":8}}]}}}}